<?xml version="1.0" encoding="UTF-8"?>
<coverage generated="1708491481653" clover="3.2.0">
  <project timestamp="1708491481653" name="All files">
    <metrics statements="14" coveredstatements="14" conditionals="4" coveredconditionals="4" methods="5" coveredmethods="5" elements="23" coveredelements="23" complexity="0" loc="14" ncloc="14" packages="1" files="1" classes="1"/>
    <file name="TodoApp.js" path="/Users/pratikpatel/Desktop/ReactJS2024/JavaScriptTestingUsingJest/JestHook/TodoApp.js">
      <metrics statements="14" coveredstatements="14" conditionals="4" coveredconditionals="4" methods="5" coveredmethods="5"/>
      <line num="1" count="1" type="stmt"/>
      <line num="3" count="3" type="stmt"/>
      <line num="9" count="3" type="stmt"/>
      <line num="10" count="3" type="stmt"/>
      <line num="13" count="2" type="stmt"/>
      <line num="14" count="2" type="cond" truecount="2" falsecount="0"/>
      <line num="15" count="1" type="stmt"/>
      <line num="17" count="1" type="stmt"/>
      <line num="20" count="1" type="stmt"/>
      <line num="23" count="2" type="stmt"/>
      <line num="24" count="2" type="cond" truecount="2" falsecount="0"/>
      <line num="25" count="1" type="stmt"/>
      <line num="27" count="1" type="stmt"/>
      <line num="30" count="1" type="stmt"/>
    </file>
  </project>
</coverage>
