{"/Users/pratikpatel/Desktop/ReactJS2024/JavaScriptTestingUsingJest/JestHook/TodoApp.js": {"path":"/Users/pratikpatel/Desktop/ReactJS2024/JavaScriptTestingUsingJest/JestHook/TodoApp.js","statementMap":{"0":{"start":{"line":1,"column":12},"end":{"line":1,"column":14}},"1":{"start":{"line":3,"column":15},"end":{"line":8,"column":3}},"2":{"start":{"line":9,"column":2},"end":{"line":9,"column":19}},"3":{"start":{"line":10,"column":2},"end":{"line":10,"column":14}},"4":{"start":{"line":13,"column":15},"end":{"line":13,"column":51}},"5":{"start":{"line":13,"column":36},"end":{"line":13,"column":50}},"6":{"start":{"line":14,"column":2},"end":{"line":16,"column":3}},"7":{"start":{"line":15,"column":4},"end":{"line":15,"column":52}},"8":{"start":{"line":17,"column":2},"end":{"line":17,"column":31}},"9":{"start":{"line":20,"column":2},"end":{"line":20,"column":14}},"10":{"start":{"line":23,"column":16},"end":{"line":23,"column":57}},"11":{"start":{"line":23,"column":42},"end":{"line":23,"column":56}},"12":{"start":{"line":24,"column":2},"end":{"line":26,"column":3}},"13":{"start":{"line":25,"column":4},"end":{"line":25,"column":52}},"14":{"start":{"line":27,"column":2},"end":{"line":27,"column":25}},"15":{"start":{"line":30,"column":0},"end":{"line":35,"column":2}}},"fnMap":{"0":{"name":"createTodo","decl":{"start":{"line":2,"column":9},"end":{"line":2,"column":19}},"loc":{"start":{"line":2,"column":40},"end":{"line":11,"column":1}},"line":2},"1":{"name":"updateTodo","decl":{"start":{"line":12,"column":9},"end":{"line":12,"column":19}},"loc":{"start":{"line":12,"column":33},"end":{"line":21,"column":1}},"line":12},"2":{"name":"(anonymous_2)","decl":{"start":{"line":13,"column":26},"end":{"line":13,"column":27}},"loc":{"start":{"line":13,"column":36},"end":{"line":13,"column":50}},"line":13},"3":{"name":"deleteTodo","decl":{"start":{"line":22,"column":9},"end":{"line":22,"column":19}},"loc":{"start":{"line":22,"column":24},"end":{"line":28,"column":1}},"line":22},"4":{"name":"(anonymous_4)","decl":{"start":{"line":23,"column":32},"end":{"line":23,"column":33}},"loc":{"start":{"line":23,"column":42},"end":{"line":23,"column":56}},"line":23}},"branchMap":{"0":{"loc":{"start":{"line":14,"column":2},"end":{"line":16,"column":3}},"type":"if","locations":[{"start":{"line":14,"column":2},"end":{"line":16,"column":3}},{"start":{},"end":{}}],"line":14},"1":{"loc":{"start":{"line":24,"column":2},"end":{"line":26,"column":3}},"type":"if","locations":[{"start":{"line":24,"column":2},"end":{"line":26,"column":3}},{"start":{},"end":{}}],"line":24}},"s":{"0":1,"1":3,"2":3,"3":3,"4":2,"5":1,"6":2,"7":1,"8":1,"9":1,"10":2,"11":1,"12":2,"13":1,"14":1,"15":1},"f":{"0":3,"1":2,"2":1,"3":2,"4":1},"b":{"0":[1,1],"1":[1,1]},"_coverageSchema":"1a1c01bbd47fc00a2c39e90264f33305004495a9","hash":"921efdcff9963724c872e41c6a48905cd48337d1"}
}
